<?xml version="1.0" encoding="UTF-8" ?>
<testsuite errors="0" failures="0" hostname="Nico-PC" name="modelo.moviles.tests.MotoTest" tests="4" time="0.008" timestamp="2013-12-02T05:43:22">
  <properties>
    <property name="java.vendor" value="Oracle Corporation" />
    <property name="coverage.summaryxml.dir" value="C:\Users\Nico\workspace\GPS Challenge\build\reports\cobertura-summary-xml" />
    <property name="libs" value="C:\Users\Nico\workspace\GPS Challenge\libs" />
    <property name="sun.java.launcher" value="SUN_STANDARD" />
    <property name="eclipse.pdebuild.templates" value="/C:/Users/Nico/Desktop/Nico/eclipse/plugins/org.eclipse.pde.build_3.8.2.v20121114-140810/templates/" />
    <property name="sun.management.compiler" value="HotSpot Client Compiler" />
    <property name="os.name" value="Windows 7" />
    <property name="sun.boot.class.path" value="C:\Program Files (x86)\Java\jre7\lib\resources.jar;C:\Program Files (x86)\Java\jre7\lib\rt.jar;C:\Program Files (x86)\Java\jre7\lib\sunrsasign.jar;C:\Program Files (x86)\Java\jre7\lib\jsse.jar;C:\Program Files (x86)\Java\jre7\lib\jce.jar;C:\Program Files (x86)\Java\jre7\lib\charsets.jar;C:\Program Files (x86)\Java\jre7\lib\jfr.jar;C:\Program Files (x86)\Java\jre7\classes" />
    <property name="reports.html.dir" value="C:\Users\Nico\workspace\GPS Challenge\build\reports\junit-html" />
    <property name="sun.desktop" value="windows" />
    <property name="ant.file.type.tp-final-algo3" value="file" />
    <property name="java.vm.specification.vendor" value="Oracle Corporation" />
    <property name="net.sourceforge.cobertura.datafile" value="C:\Users\Nico\workspace\GPS Challenge\build\cobertura.ser" />
    <property name="ant.home" value="C:\Users\Nico\Desktop\Nico\eclipse\plugins\org.apache.ant_1.8.3.v201301120609" />
    <property name="java.runtime.version" value="1.7.0_21-b11" />
    <property name="cobertura.dir" value="C:\Users\Nico\workspace\GPS Challenge\libs" />
    <property name="user.name" value="Nico" />
    <property name="user.language" value="es" />
    <property name="build" value="C:\Users\Nico\workspace\GPS Challenge\build" />
    <property name="sun.boot.library.path" value="C:\Program Files (x86)\Java\jre7\bin" />
    <property name="reports.dir" value="C:\Users\Nico\workspace\GPS Challenge\build\reports" />
    <property name="ant.project.default-target" value="test" />
    <property name="ant.project.name" value="tp-final-algo3" />
    <property name="java.version" value="1.7.0_21" />
    <property name="coverage.html.dir" value="C:\Users\Nico\workspace\GPS Challenge\build\reports\cobertura-html" />
    <property name="user.timezone" value="" />
    <property name="sun.arch.data.model" value="32" />
    <property name="java.endorsed.dirs" value="C:\Program Files (x86)\Java\jre7\lib\endorsed" />
    <property name="sun.cpu.isalist" value="" />
    <property name="sun.jnu.encoding" value="Cp1252" />
    <property name="file.encoding.pkg" value="sun.io" />
    <property name="file.separator" value="\" />
    <property name="java.specification.name" value="Java Platform API Specification" />
    <property name="classes.dir" value="C:\Users\Nico\workspace\GPS Challenge\build" />
    <property name="java.class.version" value="51.0" />
    <property name="user.country" value="ES" />
    <property name="java.home" value="C:\Program Files (x86)\Java\jre7" />
    <property name="java.vm.info" value="mixed mode, sharing" />
    <property name="ant.file" value="C:\Users\Nico\workspace\GPS Challenge\build.xml" />
    <property name="os.version" value="6.1" />
    <property name="path.separator" value=";" />
    <property name="java.vm.version" value="23.21-b01" />
    <property name="user.variant" value="" />
    <property name="ant.library.dir" value="C:\Users\Nico\Desktop\Nico\eclipse\plugins\org.apache.ant_1.8.3.v201301120609\lib" />
    <property name="java.awt.printerjob" value="sun.awt.windows.WPrinterJob" />
    <property name="sun.io.unicode.encoding" value="UnicodeLittle" />
    <property name="awt.toolkit" value="sun.awt.windows.WToolkit" />
    <property name="user.script" value="" />
    <property name="eclipse.pdebuild.scripts" value="/C:/Users/Nico/Desktop/Nico/eclipse/plugins/org.eclipse.pde.build_3.8.2.v20121114-140810/scripts/" />
    <property name="reports.xml.dir" value="C:\Users\Nico\workspace\GPS Challenge\build\reports\junit-xml" />
    <property name="user.home" value="C:\Users\Nico" />
    <property name="java.specification.vendor" value="Oracle Corporation" />
    <property name="coverage.xml.dir" value="C:\Users\Nico\workspace\GPS Challenge\build\reports\cobertura-xml" />
    <property name="java.library.path" value="C:\Program Files (x86)\Java\jre7\bin;C:\Windows\Sun\Java\bin;C:\Windows\system32;C:\Windows;C:/Program Files (x86)/Java/jre7/bin/client;C:/Program Files (x86)/Java/jre7/bin;C:/Program Files (x86)/Java/jre7/lib/i386;C:\Program Files (x86)\AMD APP\bin\x86_64;C:\Program Files (x86)\NVIDIA Corporation\PhysX\Common;C:\Windows\system32;C:\Windows;C:\Windows\System32\Wbem;C:\Windows\System32\WindowsPowerShell\v1.0\;C:\Program Files (x86)\ATI Technologies\ATI.ACE\Core-Static;C:\Program Files (x86)\Java\jre7\bin;C:\Program Files\Java\jdk1.7.0_25\bin\;C:\Program Files\TortoiseSVN\bin;C:\Users\Nico\Desktop\Nico\eclipse;;." />
    <property name="java.vendor.url" value="http://java.oracle.com/" />
    <property name="java.vm.vendor" value="Oracle Corporation" />
    <property name="java.runtime.name" value="Java(TM) SE Runtime Environment" />
    <property name="sun.java.command" value="org.apache.tools.ant.taskdefs.optional.junit.JUnitTestRunner testsfile=C:\Users\Nico\workspace\GPS Challenge\junittestcases915509794778377418.properties filtertrace=true haltOnError=false haltOnFailure=false showoutput=false outputtoformatters=true logfailedtests=true logtestlistenerevents=false formatter=org.apache.tools.ant.taskdefs.optional.junit.XMLJUnitResultFormatter,C:\Users\Nico\workspace\GPS Challenge\build\reports\junit-xml\IGNORETHIS.xml crashfile=C:\Users\Nico\workspace\GPS Challenge\junitvmwatcher4139420306789621279.properties propsfile=C:\Users\Nico\workspace\GPS Challenge\junit6944045637020551615.properties" />
    <property name="java.class.path" value="C:\Users\Nico\workspace\GPS Challenge\build\instrumented;C:\Users\Nico\workspace\GPS Challenge\build;C:\Users\Nico\workspace\GPS Challenge\libs\asm-3.0.jar;C:\Users\Nico\workspace\GPS Challenge\libs\asm-tree-3.0.jar;C:\Users\Nico\workspace\GPS Challenge\libs\checkstyle-5.5-all.jar;C:\Users\Nico\workspace\GPS Challenge\libs\cobertura.jar;C:\Users\Nico\workspace\GPS Challenge\libs\jakarta-oro-2.0.8.jar;C:\Users\Nico\workspace\GPS Challenge\libs\junit-4.10.jar;C:\Users\Nico\workspace\GPS Challenge\libs\log4j-1.2.9.jar;C:\Users\Nico\workspace\GPS Challenge\libs\mockito-all-1.9.0.jar;C:\Users\Nico\workspace\GPS Challenge\build\tests;C:\Users\Nico\Desktop\Nico\eclipse\plugins\org.apache.ant_1.8.3.v201301120609\lib\ant-launcher.jar;C:\Users\Nico\Desktop\Nico\eclipse\plugins\org.apache.ant_1.8.3.v201301120609\lib\ant.jar;C:\Users\Nico\Desktop\Nico\eclipse\plugins\org.apache.ant_1.8.3.v201301120609\lib\ant-junit.jar;C:\Users\Nico\Desktop\Nico\eclipse\plugins\org.apache.ant_1.8.3.v201301120609\lib\ant-junit4.jar" />
    <property name="ant.version" value="Apache Ant(TM) version 1.8.3 compiled on February 26 2012" />
    <property name="java.vm.specification.name" value="Java Virtual Machine Specification" />
    <property name="java.vm.specification.version" value="1.7" />
    <property name="sun.cpu.endian" value="little" />
    <property name="sun.os.patch.level" value="Service Pack 1" />
    <property name="eclipse.pdebuild.home" value="/C:/Users/Nico/Desktop/Nico/eclipse/plugins/org.eclipse.pde.build_3.8.2.v20121114-140810/./" />
    <property name="java.io.tmpdir" value="C:\Users\Nico\AppData\Local\Temp\" />
    <property name="java.vendor.url.bug" value="http://bugreport.sun.com/bugreport/" />
    <property name="os.arch" value="x86" />
    <property name="java.awt.graphicsenv" value="sun.awt.Win32GraphicsEnvironment" />
    <property name="instrumented.dir" value="C:\Users\Nico\workspace\GPS Challenge\build\instrumented" />
    <property name="java.ext.dirs" value="C:\Program Files (x86)\Java\jre7\lib\ext;C:\Windows\Sun\Java\lib\ext" />
    <property name="user.dir" value="C:\Users\Nico\workspace\GPS Challenge" />
    <property name="line.separator" value="&#xd;&#xa;" />
    <property name="java.vm.name" value="Java HotSpot(TM) Client VM" />
    <property name="basedir" value="C:\Users\Nico\workspace\GPS Challenge" />
    <property name="ant.java.version" value="1.7" />
    <property name="ant.core.lib" value="C:\Users\Nico\Desktop\Nico\eclipse\plugins\org.apache.ant_1.8.3.v201301120609\lib\ant.jar" />
    <property name="file.encoding" value="Cp1252" />
    <property name="ant.file.tp-final-algo3" value="C:\Users\Nico\workspace\GPS Challenge\build.xml" />
    <property name="java.specification.version" value="1.7" />
    <property name="src.dir" value="C:\Users\Nico\workspace\GPS Challenge\src" />
    <property name="ant.project.invoked-targets" value="test" />
  </properties>
  <testcase classname="modelo.moviles.tests.MotoTest" name="testMotoCruzarPiqueteSumaMovimientos" time="0.0" />
  <testcase classname="modelo.moviles.tests.MotoTest" name="testMotoCruzarBache" time="0.0" />
  <testcase classname="modelo.moviles.tests.MotoTest" name="testMotoRotarMovil" time="0.001" />
  <testcase classname="modelo.moviles.tests.MotoTest" name="testMotoCruzarPiqueteJugadorCambiaDePosicion" time="0.0" />
  <system-out><![CDATA[]]></system-out>
  <system-err><![CDATA[]]></system-err>
</testsuite>
